/*C42*/SET SCHEMA PUBLIC
drop table if exists hotel_booking CASCADE 
drop sequence hibernate_sequence if exists
create sequence hibernate_sequence start with 1 increment by 1
create table hotel_booking (id bigint not null, hotel_name varchar(255), nb_of_nights integer not null, price_per_night double, primary key (id))
INSERT INTO HOTEL_BOOKING VALUES(1,'Marriot',3,200.5E0)
INSERT INTO HOTEL_BOOKING VALUES(2,'Ibis',4,90.0E0)
INSERT INTO HOTEL_BOOKING VALUES(3,'Novotel',1,140.74E0)
ALTER SEQUENCE PUBLIC.HIBERNATE_SEQUENCE RESTART WITH 4
COMMIT
drop table if exists hotel_booking CASCADE 
drop sequence hibernate_sequence if exists
DISCONNECT
/*C43*/SET SCHEMA PUBLIC
DISCONNECT
/*C44*/SET SCHEMA PUBLIC
DISCONNECT
/*C45*/SET SCHEMA PUBLIC
DISCONNECT
/*C46*/SET SCHEMA PUBLIC
DISCONNECT
/*C47*/SET SCHEMA PUBLIC
DISCONNECT
/*C48*/SET SCHEMA PUBLIC
DISCONNECT
/*C49*/SET SCHEMA PUBLIC
DISCONNECT
/*C50*/SET SCHEMA PUBLIC
DISCONNECT
/*C51*/SET SCHEMA PUBLIC
DISCONNECT
